Compiled jquery.js  (3ms)  (pid 4256)
Compiled jquery_ujs.js  (0ms)  (pid 4256)
Compiled application.js  (19ms)  (pid 4256)
Compiled application.css  (0ms)  (pid 4256)
Compiled jquery.js  (3ms)  (pid 4256)
Compiled jquery_ujs.js  (0ms)  (pid 4256)
Compiled application.js  (15ms)  (pid 4256)
Compiled application.css  (0ms)  (pid 4256)
Compiled jquery.js  (4ms)  (pid 9972)
Compiled jquery_ujs.js  (0ms)  (pid 9972)
Compiled gmaps4rails/gmaps4rails.base.js  (641ms)  (pid 9972)
Compiled gmaps4rails/gmaps4rails.bing.js  (184ms)  (pid 9972)
Compiled gmaps4rails/gmaps4rails.googlemaps.js  (404ms)  (pid 9972)
Compiled gmaps4rails/gmaps4rails.mapquest.js  (120ms)  (pid 9972)
Compiled gmaps4rails/gmaps4rails.openlayers.js  (290ms)  (pid 9972)
Compiled login.js  (51ms)  (pid 9972)
Compiled questions.js  (54ms)  (pid 9972)
Compiled survey.js  (70ms)  (pid 9972)
Compiled application.js  (1915ms)  (pid 9972)
Compiled general.css  (0ms)  (pid 9972)
Compiled gmaps4rails.css  (0ms)  (pid 9972)
Compiled login.css  (9ms)  (pid 9972)
Compiled questions.css  (0ms)  (pid 9972)
Compiled questions.css  (1ms)  (pid 9972)
Compiled survey.css  (1ms)  (pid 9972)
Compiled application.css  (58ms)  (pid 9972)
Compiled jquery-ui.js  (2ms)  (pid 9972)
Compiled jquery-ui.min.js  (1ms)  (pid 9972)
Compiled jquery.min.js  (1ms)  (pid 9972)
Compiled coffee-script.js  (2ms)  (pid 9972)
Compiled jquery.js  (3ms)  (pid 9972)
Compiled jquery_ujs.js  (0ms)  (pid 9972)
Compiled gmaps4rails/gmaps4rails.base.js  (664ms)  (pid 9972)
Compiled gmaps4rails/gmaps4rails.bing.js  (221ms)  (pid 9972)
Compiled gmaps4rails/gmaps4rails.googlemaps.js  (424ms)  (pid 9972)
Compiled gmaps4rails/gmaps4rails.mapquest.js  (130ms)  (pid 9972)
Compiled gmaps4rails/gmaps4rails.openlayers.js  (376ms)  (pid 9972)
Compiled login.js  (63ms)  (pid 9972)
Compiled questions.js  (57ms)  (pid 9972)
Compiled survey.js  (54ms)  (pid 9972)
Compiled application.js  (2085ms)  (pid 9972)
Compiled general.css  (0ms)  (pid 9972)
Compiled gmaps4rails.css  (0ms)  (pid 9972)
Compiled login.css  (5ms)  (pid 9972)
Compiled questions.css  (0ms)  (pid 9972)
Compiled questions.css  (1ms)  (pid 9972)
Compiled survey.css  (1ms)  (pid 9972)
Compiled application.css  (63ms)  (pid 9972)
Compiled jquery-ui.js  (2ms)  (pid 9972)
Compiled jquery-ui.min.js  (1ms)  (pid 9972)
Compiled jquery.min.js  (1ms)  (pid 9972)
Compiled coffee-script.js  (1ms)  (pid 9972)
